# JRE version: OpenJDK Runtime Environment (15.0.1+9) (build 15.0.1+9-18)
# Java VM: OpenJDK 64-Bit Server VM (15.0.1+9-18, mixed mode, tiered, compressed oops, g1 gc, windows-amd64)
GC Precious Log:
 CPUs: 4 total, 4 available
 Memory: 3530M
 Large Page Support: Disabled
 NUMA Support: Disabled
 Compressed Oops: Enabled (32-bit)
 Heap Region Size: 1M
 Heap Min Capacity: 8M
 Heap Initial Capacity: 56M
 Heap Max Capacity: 884M
 Pre-touch: Disabled
 Parallel Workers: 4
 Concurrent Workers: 1
 Concurrent Refinement Workers: 4
 Periodic GC: Disabled
Heap:
 garbage-first heap   total 51200K, used 18668K [0x00000000c8c00000, 0x0000000100000000)
  region size 1024K, 2 young (2048K), 0 survivors (0K)
 Metaspace       used 58703K, capacity 59279K, committed 59648K, reserved 1101824K
  class space    used 7667K, capacity 7833K, committed 7936K, reserved 1048576K
GC Heap History (20 events):
Event: 1024.467 GC heap before
{Heap before GC invocations=24 (full 0):
 garbage-first heap   total 51200K, used 41373K [0x00000000c8c00000, 0x0000000100000000)
  region size 1024K, 17 young (17408K), 1 survivors (1024K)
 Metaspace       used 58783K, capacity 59426K, committed 59648K, reserved 1101824K
  class space    used 7666K, capacity 7873K, committed 7936K, reserved 1048576K
}
Event: 1024.470 GC heap after
{Heap after GC invocations=25 (full 0):
 garbage-first heap   total 51200K, used 24803K [0x00000000c8c00000, 0x0000000100000000)
  region size 1024K, 1 young (1024K), 1 survivors (1024K)
 Metaspace       used 58783K, capacity 59426K, committed 59648K, reserved 1101824K
  class space    used 7666K, capacity 7873K, committed 7936K, reserved 1048576K
}
Event: 1542.946 GC heap before
{Heap before GC invocations=25 (full 0):
 garbage-first heap   total 51200K, used 41187K [0x00000000c8c00000, 0x0000000100000000)
  region size 1024K, 17 young (17408K), 1 survivors (1024K)
 Metaspace       used 58783K, capacity 59426K, committed 59648K, reserved 1101824K
  class space    used 7666K, capacity 7873K, committed 7936K, reserved 1048576K
}
Event: 1542.950 GC heap after
{Heap after GC invocations=26 (full 0):
 garbage-first heap   total 51200K, used 24759K [0x00000000c8c00000, 0x0000000100000000)
  region size 1024K, 1 young (1024K), 1 survivors (1024K)
 Metaspace       used 58783K, capacity 59426K, committed 59648K, reserved 1101824K
  class space    used 7666K, capacity 7873K, committed 7936K, reserved 1048576K
}
Event: 2055.505 GC heap before
{Heap before GC invocations=27 (full 0):
 garbage-first heap   total 51200K, used 42167K [0x00000000c8c00000, 0x0000000100000000)
  region size 1024K, 18 young (18432K), 1 survivors (1024K)
 Metaspace       used 58610K, capacity 59116K, committed 59648K, reserved 1101824K
  class space    used 7642K, capacity 7798K, committed 7936K, reserved 1048576K
}
Event: 2055.521 GC heap after
{Heap after GC invocations=28 (full 0):
 garbage-first heap   total 51200K, used 25342K [0x00000000c8c00000, 0x0000000100000000)
  region size 1024K, 1 young (1024K), 1 survivors (1024K)
 Metaspace       used 58610K, capacity 59116K, committed 59648K, reserved 1101824K
  class space    used 7642K, capacity 7798K, committed 7936K, reserved 1048576K
}
Event: 2086.415 GC heap before
{Heap before GC invocations=28 (full 0):
 garbage-first heap   total 51200K, used 26366K [0x00000000c8c00000, 0x0000000100000000)
  region size 1024K, 2 young (2048K), 1 survivors (1024K)
 Metaspace       used 58610K, capacity 59116K, committed 59648K, reserved 1101824K
  class space    used 7642K, capacity 7798K, committed 7936K, reserved 1048576K
}
Event: 2086.508 GC heap after
{Heap after GC invocations=29 (full 0):
 garbage-first heap   total 51200K, used 23950K [0x00000000c8c00000, 0x0000000100000000)
  region size 1024K, 1 young (1024K), 1 survivors (1024K)
 Metaspace       used 58610K, capacity 59116K, committed 59648K, reserved 1101824K
  class space    used 7642K, capacity 7798K, committed 7936K, reserved 1048576K
}
Event: 2653.454 GC heap before
{Heap before GC invocations=29 (full 0):
 garbage-first heap   total 51200K, used 42382K [0x00000000c8c00000, 0x0000000100000000)
  region size 1024K, 19 young (19456K), 1 survivors (1024K)
 Metaspace       used 58610K, capacity 59116K, committed 59648K, reserved 1101824K
  class space    used 7642K, capacity 7798K, committed 7936K, reserved 1048576K
}
Event: 2653.460 GC heap after
{Heap after GC invocations=30 (full 0):
 garbage-first heap   total 51200K, used 23961K [0x00000000c8c00000, 0x0000000100000000)
  region size 1024K, 1 young (1024K), 1 survivors (1024K)
 Metaspace       used 58610K, capacity 59116K, committed 59648K, reserved 1101824K
  class space    used 7642K, capacity 7798K, committed 7936K, reserved 1048576K
}
Event: 3223.219 GC heap before
{Heap before GC invocations=31 (full 0):
 garbage-first heap   total 51200K, used 42393K [0x00000000c8c00000, 0x0000000100000000)
  region size 1024K, 19 young (19456K), 1 survivors (1024K)
 Metaspace       used 58602K, capacity 59104K, committed 59648K, reserved 1101824K
  class space    used 7641K, capacity 7796K, committed 7936K, reserved 1048576K
}
Event: 3223.221 GC heap after
{Heap after GC invocations=32 (full 0):
 garbage-first heap   total 51200K, used 23940K [0x00000000c8c00000, 0x0000000100000000)
  region size 1024K, 1 young (1024K), 1 survivors (1024K)
 Metaspace       used 58602K, capacity 59104K, committed 59648K, reserved 1101824K
  class space    used 7641K, capacity 7796K, committed 7936K, reserved 1048576K
}
Event: 3253.243 GC heap before
{Heap before GC invocations=32 (full 0):
 garbage-first heap   total 51200K, used 24964K [0x00000000c8c00000, 0x0000000100000000)
  region size 1024K, 2 young (2048K), 1 survivors (1024K)
 Metaspace       used 58602K, capacity 59104K, committed 59648K, reserved 1101824K
  class space    used 7641K, capacity 7796K, committed 7936K, reserved 1048576K
}
Event: 3253.273 GC heap after
{Heap after GC invocations=33 (full 0):
 garbage-first heap   total 51200K, used 22303K [0x00000000c8c00000, 0x0000000100000000)
  region size 1024K, 1 young (1024K), 1 survivors (1024K)
 Metaspace       used 58602K, capacity 59104K, committed 59648K, reserved 1101824K
  class space    used 7641K, capacity 7796K, committed 7936K, reserved 1048576K
}
Event: 6570.247 GC heap before
{Heap before GC invocations=33 (full 0):
 garbage-first heap   total 51200K, used 42783K [0x00000000c8c00000, 0x0000000100000000)
  region size 1024K, 21 young (21504K), 1 survivors (1024K)
 Metaspace       used 58657K, capacity 59182K, committed 59648K, reserved 1101824K
  class space    used 7650K, capacity 7811K, committed 7936K, reserved 1048576K
}
Event: 6570.258 GC heap after
{Heap after GC invocations=34 (full 0):
 garbage-first heap   total 51200K, used 22943K [0x00000000c8c00000, 0x0000000100000000)
  region size 1024K, 1 young (1024K), 1 survivors (1024K)
 Metaspace       used 58657K, capacity 59182K, committed 59648K, reserved 1101824K
  class space    used 7650K, capacity 7811K, committed 7936K, reserved 1048576K
}
Event: 7198.289 GC heap before
{Heap before GC invocations=34 (full 0):
 garbage-first heap   total 51200K, used 43423K [0x00000000c8c00000, 0x0000000100000000)
  region size 1024K, 21 young (21504K), 1 survivors (1024K)
 Metaspace       used 58657K, capacity 59182K, committed 59648K, reserved 1101824K
  class space    used 7650K, capacity 7811K, committed 7936K, reserved 1048576K
}
Event: 7198.297 GC heap after
{Heap after GC invocations=35 (full 0):
 garbage-first heap   total 51200K, used 22909K [0x00000000c8c00000, 0x0000000100000000)
  region size 1024K, 1 young (1024K), 1 survivors (1024K)
 Metaspace       used 58657K, capacity 59182K, committed 59648K, reserved 1101824K
  class space    used 7650K, capacity 7811K, committed 7936K, reserved 1048576K
}
Event: 7249.936 GC heap before
{Heap before GC invocations=35 (full 0):
 garbage-first heap   total 51200K, used 25981K [0x00000000c8c00000, 0x0000000100000000)
  region size 1024K, 6 young (6144K), 1 survivors (1024K)
 Metaspace       used 58746K, capacity 59351K, committed 59648K, reserved 1101824K
  class space    used 7674K, capacity 7846K, committed 7936K, reserved 1048576K
}
Event: 7251.654 GC heap after
{Heap after GC invocations=36 (full 1):
 garbage-first heap   total 51200K, used 17644K [0x00000000c8c00000, 0x0000000100000000)
  region size 1024K, 0 young (0K), 0 survivors (0K)
 Metaspace       used 58696K, capacity 59273K, committed 59648K, reserved 1101824K
  class space    used 7666K, capacity 7831K, committed 7936K, reserved 1048576K
}

